INFO  - 2014-05-23 11:24:56.446; org.apache.solr.servlet.SolrDispatchFilter; SolrDispatchFilter.init()
INFO  - 2014-05-23 11:24:56.519; org.apache.solr.core.SolrResourceLoader; No /solr/home in JNDI
INFO  - 2014-05-23 11:24:56.520; org.apache.solr.core.SolrResourceLoader; solr home defaulted to 'solr/' (could not find system property or JNDI)
INFO  - 2014-05-23 11:24:56.532; org.apache.solr.core.SolrResourceLoader; new SolrResourceLoader for directory: 'solr/'
INFO  - 2014-05-23 11:24:56.890; org.apache.solr.core.ConfigSolr; Loading container configuration from /Users/weigao/Documents/development/st_gallen-dev/public/solr/solr.xml
INFO  - 2014-05-23 11:24:56.922; org.apache.solr.core.ConfigSolr; /Users/weigao/Documents/development/st_gallen-dev/public/solr/solr.xml does not exist, using default configuration
INFO  - 2014-05-23 11:24:57.523; org.apache.solr.core.CoreContainer; New CoreContainer 441857447
INFO  - 2014-05-23 11:24:57.524; org.apache.solr.core.CoreContainer; Loading cores into CoreContainer [instanceDir=solr/]
INFO  - 2014-05-23 11:24:57.552; org.apache.solr.handler.component.HttpShardHandlerFactory; Setting socketTimeout to: 0
INFO  - 2014-05-23 11:24:57.552; org.apache.solr.handler.component.HttpShardHandlerFactory; Setting urlScheme to: null
INFO  - 2014-05-23 11:24:57.552; org.apache.solr.handler.component.HttpShardHandlerFactory; Setting connTimeout to: 0
INFO  - 2014-05-23 11:24:57.553; org.apache.solr.handler.component.HttpShardHandlerFactory; Setting maxConnectionsPerHost to: 20
INFO  - 2014-05-23 11:24:57.553; org.apache.solr.handler.component.HttpShardHandlerFactory; Setting corePoolSize to: 0
INFO  - 2014-05-23 11:24:57.553; org.apache.solr.handler.component.HttpShardHandlerFactory; Setting maximumPoolSize to: 2147483647
INFO  - 2014-05-23 11:24:57.554; org.apache.solr.handler.component.HttpShardHandlerFactory; Setting maxThreadIdleTime to: 5
INFO  - 2014-05-23 11:24:57.554; org.apache.solr.handler.component.HttpShardHandlerFactory; Setting sizeOfQueue to: -1
INFO  - 2014-05-23 11:24:57.558; org.apache.solr.handler.component.HttpShardHandlerFactory; Setting fairnessPolicy to: false
INFO  - 2014-05-23 11:24:57.836; org.apache.solr.logging.LogWatcher; SLF4J impl is org.slf4j.impl.Log4jLoggerFactory
INFO  - 2014-05-23 11:24:57.837; org.apache.solr.logging.LogWatcher; Registering Log Listener [Log4j (org.slf4j.impl.Log4jLoggerFactory)]
INFO  - 2014-05-23 11:24:57.839; org.apache.solr.core.CoreContainer; Host Name: 
INFO  - 2014-05-23 11:24:58.083; org.apache.solr.core.CoreContainer; Creating SolrCore 'collection1' using instanceDir: solr/collection1
INFO  - 2014-05-23 11:24:58.085; org.apache.solr.core.SolrResourceLoader; new SolrResourceLoader for directory: 'solr/collection1/'
ERROR - 2014-05-23 11:24:58.105; org.apache.solr.core.CoreContainer; Failed to load file /Users/weigao/Documents/development/st_gallen-dev/public/solr/collection1/solrconfig.xml
ERROR - 2014-05-23 11:24:58.109; org.apache.solr.core.CoreContainer; Unable to create core: collection1
org.apache.solr.common.SolrException: Could not load config file /Users/weigao/Documents/development/st_gallen-dev/public/solr/collection1/solrconfig.xml
	at org.apache.solr.core.CoreContainer.createFromLocal(CoreContainer.java:530)
	at org.apache.solr.core.CoreContainer.create(CoreContainer.java:597)
	at org.apache.solr.core.CoreContainer$1.call(CoreContainer.java:258)
	at org.apache.solr.core.CoreContainer$1.call(CoreContainer.java:250)
	at java.util.concurrent.FutureTask.run(FutureTask.java:266)
	at java.util.concurrent.Executors$RunnableAdapter.call(Executors.java:511)
	at java.util.concurrent.FutureTask.run(FutureTask.java:266)
	at java.util.concurrent.ThreadPoolExecutor.runWorker(ThreadPoolExecutor.java:1142)
	at java.util.concurrent.ThreadPoolExecutor$Worker.run(ThreadPoolExecutor.java:617)
	at java.lang.Thread.run(Thread.java:745)
Caused by: java.io.IOException: Can't find resource 'solrconfig.xml' in classpath or '/Users/weigao/Documents/development/st_gallen-dev/public/solr/collection1/conf'
	at org.apache.solr.core.SolrResourceLoader.openResource(SolrResourceLoader.java:342)
	at org.apache.solr.core.SolrResourceLoader.openConfig(SolrResourceLoader.java:288)
	at org.apache.solr.core.Config.<init>(Config.java:116)
	at org.apache.solr.core.Config.<init>(Config.java:86)
	at org.apache.solr.core.SolrConfig.<init>(SolrConfig.java:140)
	at org.apache.solr.core.CoreContainer.createFromLocal(CoreContainer.java:527)
	... 9 more
ERROR - 2014-05-23 11:24:58.113; org.apache.solr.common.SolrException; null:org.apache.solr.common.SolrException: Unable to create core: collection1
	at org.apache.solr.core.CoreContainer.recordAndThrow(CoreContainer.java:989)
	at org.apache.solr.core.CoreContainer.create(CoreContainer.java:606)
	at org.apache.solr.core.CoreContainer$1.call(CoreContainer.java:258)
	at org.apache.solr.core.CoreContainer$1.call(CoreContainer.java:250)
	at java.util.concurrent.FutureTask.run(FutureTask.java:266)
	at java.util.concurrent.Executors$RunnableAdapter.call(Executors.java:511)
	at java.util.concurrent.FutureTask.run(FutureTask.java:266)
	at java.util.concurrent.ThreadPoolExecutor.runWorker(ThreadPoolExecutor.java:1142)
	at java.util.concurrent.ThreadPoolExecutor$Worker.run(ThreadPoolExecutor.java:617)
	at java.lang.Thread.run(Thread.java:745)
Caused by: org.apache.solr.common.SolrException: Could not load config file /Users/weigao/Documents/development/st_gallen-dev/public/solr/collection1/solrconfig.xml
	at org.apache.solr.core.CoreContainer.createFromLocal(CoreContainer.java:530)
	at org.apache.solr.core.CoreContainer.create(CoreContainer.java:597)
	... 8 more
Caused by: java.io.IOException: Can't find resource 'solrconfig.xml' in classpath or '/Users/weigao/Documents/development/st_gallen-dev/public/solr/collection1/conf'
	at org.apache.solr.core.SolrResourceLoader.openResource(SolrResourceLoader.java:342)
	at org.apache.solr.core.SolrResourceLoader.openConfig(SolrResourceLoader.java:288)
	at org.apache.solr.core.Config.<init>(Config.java:116)
	at org.apache.solr.core.Config.<init>(Config.java:86)
	at org.apache.solr.core.SolrConfig.<init>(SolrConfig.java:140)
	at org.apache.solr.core.CoreContainer.createFromLocal(CoreContainer.java:527)
	... 9 more

INFO  - 2014-05-23 11:24:58.118; org.apache.solr.servlet.SolrDispatchFilter; user.dir=/Users/weigao/Documents/development/st_gallen-dev/public
INFO  - 2014-05-23 11:24:58.118; org.apache.solr.servlet.SolrDispatchFilter; SolrDispatchFilter.init() done
ERROR - 2014-05-23 11:25:00.820; org.apache.solr.common.SolrException; null:org.apache.solr.common.SolrException: SolrCore 'collection1' is not available due to init failure: Could not load config file /Users/weigao/Documents/development/st_gallen-dev/public/solr/collection1/solrconfig.xml
	at org.apache.solr.core.CoreContainer.getCore(CoreContainer.java:827)
	at org.apache.solr.servlet.SolrDispatchFilter.doFilter(SolrDispatchFilter.java:305)
	at org.apache.solr.servlet.SolrDispatchFilter.doFilter(SolrDispatchFilter.java:205)
	at org.apache.catalina.core.ApplicationFilterChain.internalDoFilter(ApplicationFilterChain.java:241)
	at org.apache.catalina.core.ApplicationFilterChain.doFilter(ApplicationFilterChain.java:208)
	at org.apache.catalina.core.StandardWrapperValve.invoke(StandardWrapperValve.java:220)
	at org.apache.catalina.core.StandardContextValve.invoke(StandardContextValve.java:122)
	at org.apache.catalina.core.StandardHostValve.invoke(StandardHostValve.java:170)
	at org.apache.catalina.valves.ErrorReportValve.invoke(ErrorReportValve.java:98)
	at org.apache.catalina.valves.AccessLogValve.invoke(AccessLogValve.java:950)
	at org.apache.catalina.core.StandardEngineValve.invoke(StandardEngineValve.java:116)
	at org.apache.catalina.connector.CoyoteAdapter.service(CoyoteAdapter.java:408)
	at org.apache.coyote.http11.AbstractHttp11Processor.process(AbstractHttp11Processor.java:1040)
	at org.apache.coyote.AbstractProtocol$AbstractConnectionHandler.process(AbstractProtocol.java:607)
	at org.apache.tomcat.util.net.JIoEndpoint$SocketProcessor.run(JIoEndpoint.java:313)
	at java.util.concurrent.ThreadPoolExecutor.runWorker(ThreadPoolExecutor.java:1142)
	at java.util.concurrent.ThreadPoolExecutor$Worker.run(ThreadPoolExecutor.java:617)
	at java.lang.Thread.run(Thread.java:745)
Caused by: org.apache.solr.common.SolrException: Could not load config file /Users/weigao/Documents/development/st_gallen-dev/public/solr/collection1/solrconfig.xml
	at org.apache.solr.core.CoreContainer.createFromLocal(CoreContainer.java:530)
	at org.apache.solr.core.CoreContainer.create(CoreContainer.java:597)
	at org.apache.solr.core.CoreContainer$1.call(CoreContainer.java:258)
	at org.apache.solr.core.CoreContainer$1.call(CoreContainer.java:250)
	at java.util.concurrent.FutureTask.run(FutureTask.java:266)
	at java.util.concurrent.Executors$RunnableAdapter.call(Executors.java:511)
	at java.util.concurrent.FutureTask.run(FutureTask.java:266)
	... 3 more
Caused by: java.io.IOException: Can't find resource 'solrconfig.xml' in classpath or '/Users/weigao/Documents/development/st_gallen-dev/public/solr/collection1/conf'
	at org.apache.solr.core.SolrResourceLoader.openResource(SolrResourceLoader.java:342)
	at org.apache.solr.core.SolrResourceLoader.openConfig(SolrResourceLoader.java:288)
	at org.apache.solr.core.Config.<init>(Config.java:116)
	at org.apache.solr.core.Config.<init>(Config.java:86)
	at org.apache.solr.core.SolrConfig.<init>(SolrConfig.java:140)
	at org.apache.solr.core.CoreContainer.createFromLocal(CoreContainer.java:527)
	... 9 more

ERROR - 2014-05-23 11:25:54.339; org.apache.solr.common.SolrException; null:org.apache.solr.common.SolrException: SolrCore 'collection1' is not available due to init failure: Could not load config file /Users/weigao/Documents/development/st_gallen-dev/public/solr/collection1/solrconfig.xml
	at org.apache.solr.core.CoreContainer.getCore(CoreContainer.java:827)
	at org.apache.solr.servlet.SolrDispatchFilter.doFilter(SolrDispatchFilter.java:305)
	at org.apache.solr.servlet.SolrDispatchFilter.doFilter(SolrDispatchFilter.java:205)
	at org.apache.catalina.core.ApplicationFilterChain.internalDoFilter(ApplicationFilterChain.java:241)
	at org.apache.catalina.core.ApplicationFilterChain.doFilter(ApplicationFilterChain.java:208)
	at org.apache.catalina.core.StandardWrapperValve.invoke(StandardWrapperValve.java:220)
	at org.apache.catalina.core.StandardContextValve.invoke(StandardContextValve.java:122)
	at org.apache.catalina.core.StandardHostValve.invoke(StandardHostValve.java:170)
	at org.apache.catalina.valves.ErrorReportValve.invoke(ErrorReportValve.java:98)
	at org.apache.catalina.valves.AccessLogValve.invoke(AccessLogValve.java:950)
	at org.apache.catalina.core.StandardEngineValve.invoke(StandardEngineValve.java:116)
	at org.apache.catalina.connector.CoyoteAdapter.service(CoyoteAdapter.java:408)
	at org.apache.coyote.http11.AbstractHttp11Processor.process(AbstractHttp11Processor.java:1040)
	at org.apache.coyote.AbstractProtocol$AbstractConnectionHandler.process(AbstractProtocol.java:607)
	at org.apache.tomcat.util.net.JIoEndpoint$SocketProcessor.run(JIoEndpoint.java:313)
	at java.util.concurrent.ThreadPoolExecutor.runWorker(ThreadPoolExecutor.java:1142)
	at java.util.concurrent.ThreadPoolExecutor$Worker.run(ThreadPoolExecutor.java:617)
	at java.lang.Thread.run(Thread.java:745)
Caused by: org.apache.solr.common.SolrException: Could not load config file /Users/weigao/Documents/development/st_gallen-dev/public/solr/collection1/solrconfig.xml
	at org.apache.solr.core.CoreContainer.createFromLocal(CoreContainer.java:530)
	at org.apache.solr.core.CoreContainer.create(CoreContainer.java:597)
	at org.apache.solr.core.CoreContainer$1.call(CoreContainer.java:258)
	at org.apache.solr.core.CoreContainer$1.call(CoreContainer.java:250)
	at java.util.concurrent.FutureTask.run(FutureTask.java:266)
	at java.util.concurrent.Executors$RunnableAdapter.call(Executors.java:511)
	at java.util.concurrent.FutureTask.run(FutureTask.java:266)
	... 3 more
Caused by: java.io.IOException: Can't find resource 'solrconfig.xml' in classpath or '/Users/weigao/Documents/development/st_gallen-dev/public/solr/collection1/conf'
	at org.apache.solr.core.SolrResourceLoader.openResource(SolrResourceLoader.java:342)
	at org.apache.solr.core.SolrResourceLoader.openConfig(SolrResourceLoader.java:288)
	at org.apache.solr.core.Config.<init>(Config.java:116)
	at org.apache.solr.core.Config.<init>(Config.java:86)
	at org.apache.solr.core.SolrConfig.<init>(SolrConfig.java:140)
	at org.apache.solr.core.CoreContainer.createFromLocal(CoreContainer.java:527)
	... 9 more

ERROR - 2014-05-23 11:28:17.086; org.apache.solr.common.SolrException; null:org.apache.solr.common.SolrException: SolrCore 'collection1' is not available due to init failure: Could not load config file /Users/weigao/Documents/development/st_gallen-dev/public/solr/collection1/solrconfig.xml
	at org.apache.solr.core.CoreContainer.getCore(CoreContainer.java:827)
	at org.apache.solr.servlet.SolrDispatchFilter.doFilter(SolrDispatchFilter.java:305)
	at org.apache.solr.servlet.SolrDispatchFilter.doFilter(SolrDispatchFilter.java:205)
	at org.apache.catalina.core.ApplicationFilterChain.internalDoFilter(ApplicationFilterChain.java:241)
	at org.apache.catalina.core.ApplicationFilterChain.doFilter(ApplicationFilterChain.java:208)
	at org.apache.catalina.core.StandardWrapperValve.invoke(StandardWrapperValve.java:220)
	at org.apache.catalina.core.StandardContextValve.invoke(StandardContextValve.java:122)
	at org.apache.catalina.core.StandardHostValve.invoke(StandardHostValve.java:170)
	at org.apache.catalina.valves.ErrorReportValve.invoke(ErrorReportValve.java:98)
	at org.apache.catalina.valves.AccessLogValve.invoke(AccessLogValve.java:950)
	at org.apache.catalina.core.StandardEngineValve.invoke(StandardEngineValve.java:116)
	at org.apache.catalina.connector.CoyoteAdapter.service(CoyoteAdapter.java:408)
	at org.apache.coyote.http11.AbstractHttp11Processor.process(AbstractHttp11Processor.java:1040)
	at org.apache.coyote.AbstractProtocol$AbstractConnectionHandler.process(AbstractProtocol.java:607)
	at org.apache.tomcat.util.net.JIoEndpoint$SocketProcessor.run(JIoEndpoint.java:315)
	at java.util.concurrent.ThreadPoolExecutor.runWorker(ThreadPoolExecutor.java:1142)
	at java.util.concurrent.ThreadPoolExecutor$Worker.run(ThreadPoolExecutor.java:617)
	at java.lang.Thread.run(Thread.java:745)
Caused by: org.apache.solr.common.SolrException: Could not load config file /Users/weigao/Documents/development/st_gallen-dev/public/solr/collection1/solrconfig.xml
	at org.apache.solr.core.CoreContainer.createFromLocal(CoreContainer.java:530)
	at org.apache.solr.core.CoreContainer.create(CoreContainer.java:597)
	at org.apache.solr.core.CoreContainer$1.call(CoreContainer.java:258)
	at org.apache.solr.core.CoreContainer$1.call(CoreContainer.java:250)
	at java.util.concurrent.FutureTask.run(FutureTask.java:266)
	at java.util.concurrent.Executors$RunnableAdapter.call(Executors.java:511)
	at java.util.concurrent.FutureTask.run(FutureTask.java:266)
	... 3 more
Caused by: java.io.IOException: Can't find resource 'solrconfig.xml' in classpath or '/Users/weigao/Documents/development/st_gallen-dev/public/solr/collection1/conf'
	at org.apache.solr.core.SolrResourceLoader.openResource(SolrResourceLoader.java:342)
	at org.apache.solr.core.SolrResourceLoader.openConfig(SolrResourceLoader.java:288)
	at org.apache.solr.core.Config.<init>(Config.java:116)
	at org.apache.solr.core.Config.<init>(Config.java:86)
	at org.apache.solr.core.SolrConfig.<init>(SolrConfig.java:140)
	at org.apache.solr.core.CoreContainer.createFromLocal(CoreContainer.java:527)
	... 9 more

ERROR - 2014-05-23 11:29:49.242; org.apache.solr.common.SolrException; null:org.apache.solr.common.SolrException: SolrCore 'collection1' is not available due to init failure: Could not load config file /Users/weigao/Documents/development/st_gallen-dev/public/solr/collection1/solrconfig.xml
	at org.apache.solr.core.CoreContainer.getCore(CoreContainer.java:827)
	at org.apache.solr.servlet.SolrDispatchFilter.doFilter(SolrDispatchFilter.java:305)
	at org.apache.solr.servlet.SolrDispatchFilter.doFilter(SolrDispatchFilter.java:205)
	at org.apache.catalina.core.ApplicationFilterChain.internalDoFilter(ApplicationFilterChain.java:241)
	at org.apache.catalina.core.ApplicationFilterChain.doFilter(ApplicationFilterChain.java:208)
	at org.apache.catalina.core.StandardWrapperValve.invoke(StandardWrapperValve.java:220)
	at org.apache.catalina.core.StandardContextValve.invoke(StandardContextValve.java:122)
	at org.apache.catalina.core.StandardHostValve.invoke(StandardHostValve.java:170)
	at org.apache.catalina.valves.ErrorReportValve.invoke(ErrorReportValve.java:98)
	at org.apache.catalina.valves.AccessLogValve.invoke(AccessLogValve.java:950)
	at org.apache.catalina.core.StandardEngineValve.invoke(StandardEngineValve.java:116)
	at org.apache.catalina.connector.CoyoteAdapter.service(CoyoteAdapter.java:408)
	at org.apache.coyote.http11.AbstractHttp11Processor.process(AbstractHttp11Processor.java:1040)
	at org.apache.coyote.AbstractProtocol$AbstractConnectionHandler.process(AbstractProtocol.java:607)
	at org.apache.tomcat.util.net.JIoEndpoint$SocketProcessor.run(JIoEndpoint.java:313)
	at java.util.concurrent.ThreadPoolExecutor.runWorker(ThreadPoolExecutor.java:1142)
	at java.util.concurrent.ThreadPoolExecutor$Worker.run(ThreadPoolExecutor.java:617)
	at java.lang.Thread.run(Thread.java:745)
Caused by: org.apache.solr.common.SolrException: Could not load config file /Users/weigao/Documents/development/st_gallen-dev/public/solr/collection1/solrconfig.xml
	at org.apache.solr.core.CoreContainer.createFromLocal(CoreContainer.java:530)
	at org.apache.solr.core.CoreContainer.create(CoreContainer.java:597)
	at org.apache.solr.core.CoreContainer$1.call(CoreContainer.java:258)
	at org.apache.solr.core.CoreContainer$1.call(CoreContainer.java:250)
	at java.util.concurrent.FutureTask.run(FutureTask.java:266)
	at java.util.concurrent.Executors$RunnableAdapter.call(Executors.java:511)
	at java.util.concurrent.FutureTask.run(FutureTask.java:266)
	... 3 more
Caused by: java.io.IOException: Can't find resource 'solrconfig.xml' in classpath or '/Users/weigao/Documents/development/st_gallen-dev/public/solr/collection1/conf'
	at org.apache.solr.core.SolrResourceLoader.openResource(SolrResourceLoader.java:342)
	at org.apache.solr.core.SolrResourceLoader.openConfig(SolrResourceLoader.java:288)
	at org.apache.solr.core.Config.<init>(Config.java:116)
	at org.apache.solr.core.Config.<init>(Config.java:86)
	at org.apache.solr.core.SolrConfig.<init>(SolrConfig.java:140)
	at org.apache.solr.core.CoreContainer.createFromLocal(CoreContainer.java:527)
	... 9 more

INFO  - 2014-05-23 11:36:07.812; org.apache.solr.core.CoreContainer; Shutting down CoreContainer instance=441857447
